0 info it worked if it ends with ok
1 verbose cli [ '/usr/local/bin/node', '/usr/local/bin/npm', 'run', 'serve' ]
2 info using npm@3.10.10
3 info using node@v6.11.2
4 verbose run-script [ 'preserve', 'serve', 'postserve' ]
5 info lifecycle website-builder@0.0.1~preserve: website-builder@0.0.1
6 silly lifecycle website-builder@0.0.1~preserve: no script for preserve, continuing
7 info lifecycle website-builder@0.0.1~serve: website-builder@0.0.1
8 verbose lifecycle website-builder@0.0.1~serve: unsafe-perm in lifecycle true
9 verbose lifecycle website-builder@0.0.1~serve: PATH: /usr/local/lib/node_modules/npm/bin/node-gyp-bin:/Users/admin/vu/bit repo/github/terp-frontend/node_modules/.bin:/Users/admin/vu/bit repo/github/terp-frontend/node_modules/.bin:/Users/admin/.yarn-config/link/node_modules/.bin:/Users/admin/vu/bit repo/github/terp-frontend/node_modules/.bin:/Users/admin/.yarn-config/link/node_modules/.bin:/Users/admin/vu/bit repo/github/terp-frontend/bower_components/.bin:/Users/admin/.yarn-config/link/bower_components/.bin:/usr/local/Cellar/yarn/0.16.1/libexec/lib/node_modules/yarn/bin/node-gyp-bin:/usr/local/bin:/usr/bin:/bin:/usr/sbin:/sbin:/opt/X11/bin
10 verbose lifecycle website-builder@0.0.1~serve: CWD: /Users/admin/vu/bit repo/github/terp-frontend
11 silly lifecycle website-builder@0.0.1~serve: Args: [ '-c',
11 silly lifecycle   'webpack-dev-server webpack.local.js --port=8080 --history-api-fallback' ]
12 silly lifecycle website-builder@0.0.1~serve: Returned: code: 1  signal: null
13 info lifecycle website-builder@0.0.1~serve: Failed to exec serve script
14 verbose stack Error: website-builder@0.0.1 serve: `webpack-dev-server webpack.local.js --port=8080 --history-api-fallback`
14 verbose stack Exit status 1
14 verbose stack     at EventEmitter.<anonymous> (/usr/local/lib/node_modules/npm/lib/utils/lifecycle.js:255:16)
14 verbose stack     at emitTwo (events.js:106:13)
14 verbose stack     at EventEmitter.emit (events.js:191:7)
14 verbose stack     at ChildProcess.<anonymous> (/usr/local/lib/node_modules/npm/lib/utils/spawn.js:40:14)
14 verbose stack     at emitTwo (events.js:106:13)
14 verbose stack     at ChildProcess.emit (events.js:191:7)
14 verbose stack     at maybeClose (internal/child_process.js:891:16)
14 verbose stack     at Process.ChildProcess._handle.onexit (internal/child_process.js:226:5)
15 verbose pkgid website-builder@0.0.1
16 verbose cwd /Users/admin/vu/bit repo/github/terp-frontend
17 error Darwin 15.6.0
18 error argv "/usr/local/bin/node" "/usr/local/bin/npm" "run" "serve"
19 error node v6.11.2
20 error npm  v3.10.10
21 error code ELIFECYCLE
22 error website-builder@0.0.1 serve: `webpack-dev-server webpack.local.js --port=8080 --history-api-fallback`
22 error Exit status 1
23 error Failed at the website-builder@0.0.1 serve script 'webpack-dev-server webpack.local.js --port=8080 --history-api-fallback'.
23 error Make sure you have the latest version of node.js and npm installed.
23 error If you do, this is most likely a problem with the website-builder package,
23 error not with npm itself.
23 error Tell the author that this fails on your system:
23 error     webpack-dev-server webpack.local.js --port=8080 --history-api-fallback
23 error You can get information on how to open an issue for this project with:
23 error     npm bugs website-builder
23 error Or if that isn't available, you can get their info via:
23 error     npm owner ls website-builder
23 error There is likely additional logging output above.
24 verbose exit [ 1, true ]
